-- The C compiler identification is GNU 11.4.0
-- The CXX compiler identification is GNU 11.4.0
-- Detecting C compiler ABI info
-- Detecting C compiler ABI info - done
-- Check for working C compiler: /usr/bin/cc - skipped
-- Detecting C compile features
-- Detecting C compile features - done
-- Detecting CXX compiler ABI info
-- Detecting CXX compiler ABI info - done
-- Check for working CXX compiler: /usr/bin/c++ - skipped
-- Detecting CXX compile features
-- Detecting CXX compile features - done
-- Found ament_cmake: 1.3.14 (/opt/ros/humble/share/ament_cmake/cmake)
-- Found Python3: /usr/bin/python3 (found version "3.10.12") found components: Interpreter 
-- Found rosidl_default_generators: 1.2.1 (/opt/ros/humble/share/rosidl_default_generators/cmake)
-- Using all available rosidl_typesupport_c: rosidl_typesupport_fastrtps_c;rosidl_typesupport_introspection_c
-- Found rosidl_adapter: 3.1.8 (/opt/ros/humble/share/rosidl_adapter/cmake)
-- Using all available rosidl_typesupport_cpp: rosidl_typesupport_fastrtps_cpp;rosidl_typesupport_introspection_cpp
-- Found std_msgs: 4.9.1 (/opt/ros/humble/share/std_msgs/cmake)
-- Found ament_cmake_ros: 0.10.0 (/opt/ros/humble/share/ament_cmake_ros/cmake)
-- Using all available rosidl_typesupport_c: rosidl_typesupport_fastrtps_c;rosidl_typesupport_introspection_c
-- Using all available rosidl_typesupport_cpp: rosidl_typesupport_fastrtps_cpp;rosidl_typesupport_introspection_cpp
-- Found PythonInterp: /usr/bin/python3 (found suitable version "3.10.12", minimum required is "3.6") 
-- Found python_cmake_module: 0.10.0 (/opt/ros/humble/share/python_cmake_module/cmake)
-- Found PythonLibs: /usr/lib/x86_64-linux-gnu/libpython3.10.so (found suitable version "3.10.12", minimum required is "3.5") 
-- Using PYTHON_EXECUTABLE: /usr/bin/python3
-- Using PYTHON_INCLUDE_DIRS: /usr/include/python3.10
-- Using PYTHON_LIBRARIES: /usr/lib/x86_64-linux-gnu/libpython3.10.so
-- Found PythonExtra: .so  
-- Configuring done
-- Generating done
[33mCMake Warning:
  Manually-specified variables were not used by the project:

    CATKIN_INSTALL_INTO_PREFIX_ROOT

[0m
-- Build files have been written to: /workspaces/Prius2audioscene/build/cae_microphone_array
[  3%] [34m[1mGenerating C code for ROS interfaces[0m
[  6%] [34m[1mGenerating Rust code for ROS interfaces[0m
[  9%] [34m[1mGenerating C++ code for ROS interfaces[0m
[  9%] Built target ament_cmake_python_copy_cae_microphone_array
running egg_info
creating cae_microphone_array.egg-info
writing cae_microphone_array.egg-info/PKG-INFO
writing dependency_links to cae_microphone_array.egg-info/dependency_links.txt
writing top-level names to cae_microphone_array.egg-info/top_level.txt
writing manifest file 'cae_microphone_array.egg-info/SOURCES.txt'
reading manifest file 'cae_microphone_array.egg-info/SOURCES.txt'
writing manifest file 'cae_microphone_array.egg-info/SOURCES.txt'
[  9%] Built target ament_cmake_python_build_cae_microphone_array_egg
[  9%] Built target cae_microphone_array__rs
[  9%] Built target cae_microphone_array__cpp
[ 12%] [32mBuilding C object CMakeFiles/cae_microphone_array__rosidl_generator_c.dir/rosidl_generator_c/cae_microphone_array/msg/detail/audio_stream__functions.c.o[0m
[ 15%] [34m[1mGenerating C++ type support for eProsima Fast-RTPS[0m
[ 18%] [34m[1mGenerating C++ introspection for ROS interfaces[0m
[ 21%] [34m[1mGenerating C++ type support dispatch for ROS interfaces[0m
[ 25%] [32m[1mLinking C shared library libcae_microphone_array__rosidl_generator_c.so[0m
[ 25%] Built target cae_microphone_array__rosidl_generator_c
[ 28%] [34m[1mGenerating C introspection for ROS interfaces[0m
[ 31%] [34m[1mGenerating C type support for eProsima Fast-RTPS[0m
[ 34%] [34m[1mGenerating C type support dispatch for ROS interfaces[0m
[ 37%] [32mBuilding CXX object CMakeFiles/cae_microphone_array__rosidl_typesupport_cpp.dir/rosidl_typesupport_cpp/cae_microphone_array/msg/audio_stream__type_support.cpp.o[0m
[ 40%] [32mBuilding CXX object CMakeFiles/cae_microphone_array__rosidl_typesupport_introspection_cpp.dir/rosidl_typesupport_introspection_cpp/cae_microphone_array/msg/detail/audio_stream__type_support.cpp.o[0m
[ 43%] [32mBuilding CXX object CMakeFiles/cae_microphone_array__rosidl_typesupport_fastrtps_cpp.dir/rosidl_typesupport_fastrtps_cpp/cae_microphone_array/msg/detail/dds_fastrtps/audio_stream__type_support.cpp.o[0m
[ 46%] [32mBuilding CXX object CMakeFiles/cae_microphone_array__rosidl_typesupport_c.dir/rosidl_typesupport_c/cae_microphone_array/msg/audio_stream__type_support.cpp.o[0m
[ 50%] [32mBuilding C object CMakeFiles/cae_microphone_array__rosidl_typesupport_introspection_c.dir/rosidl_typesupport_introspection_c/cae_microphone_array/msg/detail/audio_stream__type_support.c.o[0m
[ 53%] [32m[1mLinking CXX shared library libcae_microphone_array__rosidl_typesupport_c.so[0m
[ 56%] [32m[1mLinking C shared library libcae_microphone_array__rosidl_typesupport_introspection_c.so[0m
[ 56%] Built target cae_microphone_array__rosidl_typesupport_c
[ 56%] Built target cae_microphone_array__rosidl_typesupport_introspection_c
[ 59%] [32mBuilding CXX object CMakeFiles/cae_microphone_array__rosidl_typesupport_fastrtps_c.dir/rosidl_typesupport_fastrtps_c/cae_microphone_array/msg/detail/audio_stream__type_support_c.cpp.o[0m
[ 62%] [32m[1mLinking CXX shared library libcae_microphone_array__rosidl_typesupport_cpp.so[0m
[ 62%] Built target cae_microphone_array__rosidl_typesupport_cpp
[ 65%] [32m[1mLinking CXX shared library libcae_microphone_array__rosidl_typesupport_introspection_cpp.so[0m
[ 68%] [32m[1mLinking CXX shared library libcae_microphone_array__rosidl_typesupport_fastrtps_cpp.so[0m
[ 68%] Built target cae_microphone_array__rosidl_typesupport_introspection_cpp
[ 71%] [32m[1mLinking CXX shared library libcae_microphone_array__rosidl_typesupport_fastrtps_c.so[0m
[ 71%] Built target cae_microphone_array__rosidl_typesupport_fastrtps_cpp
[ 71%] Built target cae_microphone_array__rosidl_typesupport_fastrtps_c
[ 71%] Built target cae_microphone_array
[ 75%] [34m[1mGenerating Python code for ROS interfaces[0m
[ 75%] Built target cae_microphone_array__py
[ 78%] [32mBuilding C object CMakeFiles/cae_microphone_array__rosidl_generator_py.dir/rosidl_generator_py/cae_microphone_array/msg/_audio_stream_s.c.o[0m
[ 81%] [32m[1mLinking C shared library rosidl_generator_py/cae_microphone_array/libcae_microphone_array__rosidl_generator_py.so[0m
[ 81%] Built target cae_microphone_array__rosidl_generator_py
[ 87%] [32mBuilding C object CMakeFiles/cae_microphone_array__rosidl_typesupport_c__pyext.dir/rosidl_generator_py/cae_microphone_array/_cae_microphone_array_s.ep.rosidl_typesupport_c.c.o[0m
[ 87%] [32mBuilding C object CMakeFiles/cae_microphone_array__rosidl_typesupport_fastrtps_c__pyext.dir/rosidl_generator_py/cae_microphone_array/_cae_microphone_array_s.ep.rosidl_typesupport_fastrtps_c.c.o[0m
[ 90%] [32mBuilding C object CMakeFiles/cae_microphone_array__rosidl_typesupport_introspection_c__pyext.dir/rosidl_generator_py/cae_microphone_array/_cae_microphone_array_s.ep.rosidl_typesupport_introspection_c.c.o[0m
[ 93%] [32m[1mLinking C shared library rosidl_generator_py/cae_microphone_array/cae_microphone_array_s__rosidl_typesupport_c.cpython-310-x86_64-linux-gnu.so[0m
[ 96%] [32m[1mLinking C shared library rosidl_generator_py/cae_microphone_array/cae_microphone_array_s__rosidl_typesupport_fastrtps_c.cpython-310-x86_64-linux-gnu.so[0m
[100%] [32m[1mLinking C shared library rosidl_generator_py/cae_microphone_array/cae_microphone_array_s__rosidl_typesupport_introspection_c.cpython-310-x86_64-linux-gnu.so[0m
[100%] Built target cae_microphone_array__rosidl_typesupport_introspection_c__pyext
[100%] Built target cae_microphone_array__rosidl_typesupport_c__pyext
[100%] Built target cae_microphone_array__rosidl_typesupport_fastrtps_c__pyext
-- Install configuration: ""
-- Installing: /workspaces/Prius2audioscene/install/cae_microphone_array/share/ament_index/resource_index/rosidl_interfaces/cae_microphone_array
-- Installing: /workspaces/Prius2audioscene/install/cae_microphone_array/include/cae_microphone_array/cae_microphone_array
-- Installing: /workspaces/Prius2audioscene/install/cae_microphone_array/include/cae_microphone_array/cae_microphone_array/msg
-- Installing: /workspaces/Prius2audioscene/install/cae_microphone_array/include/cae_microphone_array/cae_microphone_array/msg/audio_stream.h
-- Installing: /workspaces/Prius2audioscene/install/cae_microphone_array/include/cae_microphone_array/cae_microphone_array/msg/detail
-- Installing: /workspaces/Prius2audioscene/install/cae_microphone_array/include/cae_microphone_array/cae_microphone_array/msg/detail/audio_stream__functions.c
-- Installing: /workspaces/Prius2audioscene/install/cae_microphone_array/include/cae_microphone_array/cae_microphone_array/msg/detail/audio_stream__type_support.h
-- Installing: /workspaces/Prius2audioscene/install/cae_microphone_array/include/cae_microphone_array/cae_microphone_array/msg/detail/audio_stream__functions.h
-- Installing: /workspaces/Prius2audioscene/install/cae_microphone_array/include/cae_microphone_array/cae_microphone_array/msg/detail/audio_stream__struct.h
-- Installing: /workspaces/Prius2audioscene/install/cae_microphone_array/include/cae_microphone_array/cae_microphone_array/msg/rosidl_generator_c__visibility_control.h
-- Installing: /workspaces/Prius2audioscene/install/cae_microphone_array/share/cae_microphone_array/environment/library_path.sh
-- Installing: /workspaces/Prius2audioscene/install/cae_microphone_array/share/cae_microphone_array/environment/library_path.dsv
-- Installing: /workspaces/Prius2audioscene/install/cae_microphone_array/lib/libcae_microphone_array__rosidl_generator_c.so
-- Set runtime path of "/workspaces/Prius2audioscene/install/cae_microphone_array/lib/libcae_microphone_array__rosidl_generator_c.so" to ""
-- Up-to-date: /workspaces/Prius2audioscene/install/cae_microphone_array/include/cae_microphone_array/cae_microphone_array
-- Up-to-date: /workspaces/Prius2audioscene/install/cae_microphone_array/include/cae_microphone_array/cae_microphone_array/msg
-- Up-to-date: /workspaces/Prius2audioscene/install/cae_microphone_array/include/cae_microphone_array/cae_microphone_array/msg/detail
-- Installing: /workspaces/Prius2audioscene/install/cae_microphone_array/include/cae_microphone_array/cae_microphone_array/msg/detail/audio_stream__rosidl_typesupport_fastrtps_c.h
-- Installing: /workspaces/Prius2audioscene/install/cae_microphone_array/include/cae_microphone_array/cae_microphone_array/msg/rosidl_typesupport_fastrtps_c__visibility_control.h
-- Installing: /workspaces/Prius2audioscene/install/cae_microphone_array/lib/libcae_microphone_array__rosidl_typesupport_fastrtps_c.so
-- Set runtime path of "/workspaces/Prius2audioscene/install/cae_microphone_array/lib/libcae_microphone_array__rosidl_typesupport_fastrtps_c.so" to ""
-- Up-to-date: /workspaces/Prius2audioscene/install/cae_microphone_array/include/cae_microphone_array/cae_microphone_array
-- Up-to-date: /workspaces/Prius2audioscene/install/cae_microphone_array/include/cae_microphone_array/cae_microphone_array/msg
-- Up-to-date: /workspaces/Prius2audioscene/install/cae_microphone_array/include/cae_microphone_array/cae_microphone_array/msg/detail
-- Installing: /workspaces/Prius2audioscene/install/cae_microphone_array/include/cae_microphone_array/cae_microphone_array/msg/detail/audio_stream__type_support.c
-- Installing: /workspaces/Prius2audioscene/install/cae_microphone_array/include/cae_microphone_array/cae_microphone_array/msg/detail/audio_stream__rosidl_typesupport_introspection_c.h
-- Installing: /workspaces/Prius2audioscene/install/cae_microphone_array/include/cae_microphone_array/cae_microphone_array/msg/rosidl_typesupport_introspection_c__visibility_control.h
-- Installing: /workspaces/Prius2audioscene/install/cae_microphone_array/lib/libcae_microphone_array__rosidl_typesupport_introspection_c.so
-- Set runtime path of "/workspaces/Prius2audioscene/install/cae_microphone_array/lib/libcae_microphone_array__rosidl_typesupport_introspection_c.so" to ""
-- Installing: /workspaces/Prius2audioscene/install/cae_microphone_array/lib/libcae_microphone_array__rosidl_typesupport_c.so
-- Set runtime path of "/workspaces/Prius2audioscene/install/cae_microphone_array/lib/libcae_microphone_array__rosidl_typesupport_c.so" to ""
-- Up-to-date: /workspaces/Prius2audioscene/install/cae_microphone_array/include/cae_microphone_array/cae_microphone_array
-- Up-to-date: /workspaces/Prius2audioscene/install/cae_microphone_array/include/cae_microphone_array/cae_microphone_array/msg
-- Installing: /workspaces/Prius2audioscene/install/cae_microphone_array/include/cae_microphone_array/cae_microphone_array/msg/audio_stream.hpp
-- Installing: /workspaces/Prius2audioscene/install/cae_microphone_array/include/cae_microphone_array/cae_microphone_array/msg/rosidl_generator_cpp__visibility_control.hpp
-- Up-to-date: /workspaces/Prius2audioscene/install/cae_microphone_array/include/cae_microphone_array/cae_microphone_array/msg/detail
-- Installing: /workspaces/Prius2audioscene/install/cae_microphone_array/include/cae_microphone_array/cae_microphone_array/msg/detail/audio_stream__traits.hpp
-- Installing: /workspaces/Prius2audioscene/install/cae_microphone_array/include/cae_microphone_array/cae_microphone_array/msg/detail/audio_stream__type_support.hpp
-- Installing: /workspaces/Prius2audioscene/install/cae_microphone_array/include/cae_microphone_array/cae_microphone_array/msg/detail/audio_stream__struct.hpp
-- Installing: /workspaces/Prius2audioscene/install/cae_microphone_array/include/cae_microphone_array/cae_microphone_array/msg/detail/audio_stream__builder.hpp
-- Up-to-date: /workspaces/Prius2audioscene/install/cae_microphone_array/include/cae_microphone_array/cae_microphone_array
-- Up-to-date: /workspaces/Prius2audioscene/install/cae_microphone_array/include/cae_microphone_array/cae_microphone_array/msg
-- Installing: /workspaces/Prius2audioscene/install/cae_microphone_array/include/cae_microphone_array/cae_microphone_array/msg/rosidl_typesupport_fastrtps_cpp__visibility_control.h
-- Up-to-date: /workspaces/Prius2audioscene/install/cae_microphone_array/include/cae_microphone_array/cae_microphone_array/msg/detail
-- Installing: /workspaces/Prius2audioscene/install/cae_microphone_array/include/cae_microphone_array/cae_microphone_array/msg/detail/dds_fastrtps
-- Installing: /workspaces/Prius2audioscene/install/cae_microphone_array/include/cae_microphone_array/cae_microphone_array/msg/detail/audio_stream__rosidl_typesupport_fastrtps_cpp.hpp
-- Installing: /workspaces/Prius2audioscene/install/cae_microphone_array/lib/libcae_microphone_array__rosidl_typesupport_fastrtps_cpp.so
-- Set runtime path of "/workspaces/Prius2audioscene/install/cae_microphone_array/lib/libcae_microphone_array__rosidl_typesupport_fastrtps_cpp.so" to ""
-- Up-to-date: /workspaces/Prius2audioscene/install/cae_microphone_array/include/cae_microphone_array/cae_microphone_array
-- Up-to-date: /workspaces/Prius2audioscene/install/cae_microphone_array/include/cae_microphone_array/cae_microphone_array/msg
-- Up-to-date: /workspaces/Prius2audioscene/install/cae_microphone_array/include/cae_microphone_array/cae_microphone_array/msg/detail
-- Installing: /workspaces/Prius2audioscene/install/cae_microphone_array/include/cae_microphone_array/cae_microphone_array/msg/detail/audio_stream__rosidl_typesupport_introspection_cpp.hpp
-- Installing: /workspaces/Prius2audioscene/install/cae_microphone_array/include/cae_microphone_array/cae_microphone_array/msg/detail/audio_stream__type_support.cpp
-- Installing: /workspaces/Prius2audioscene/install/cae_microphone_array/lib/libcae_microphone_array__rosidl_typesupport_introspection_cpp.so
-- Set runtime path of "/workspaces/Prius2audioscene/install/cae_microphone_array/lib/libcae_microphone_array__rosidl_typesupport_introspection_cpp.so" to ""
-- Installing: /workspaces/Prius2audioscene/install/cae_microphone_array/lib/libcae_microphone_array__rosidl_typesupport_cpp.so
-- Set runtime path of "/workspaces/Prius2audioscene/install/cae_microphone_array/lib/libcae_microphone_array__rosidl_typesupport_cpp.so" to ""
-- Installing: /workspaces/Prius2audioscene/install/cae_microphone_array/share/cae_microphone_array/environment/pythonpath.sh
-- Installing: /workspaces/Prius2audioscene/install/cae_microphone_array/share/cae_microphone_array/environment/pythonpath.dsv
-- Installing: /workspaces/Prius2audioscene/install/cae_microphone_array/local/lib/python3.10/dist-packages/cae_microphone_array-0.0.1-py3.10.egg-info
-- Installing: /workspaces/Prius2audioscene/install/cae_microphone_array/local/lib/python3.10/dist-packages/cae_microphone_array-0.0.1-py3.10.egg-info/PKG-INFO
-- Installing: /workspaces/Prius2audioscene/install/cae_microphone_array/local/lib/python3.10/dist-packages/cae_microphone_array-0.0.1-py3.10.egg-info/dependency_links.txt
-- Installing: /workspaces/Prius2audioscene/install/cae_microphone_array/local/lib/python3.10/dist-packages/cae_microphone_array-0.0.1-py3.10.egg-info/top_level.txt
-- Installing: /workspaces/Prius2audioscene/install/cae_microphone_array/local/lib/python3.10/dist-packages/cae_microphone_array-0.0.1-py3.10.egg-info/SOURCES.txt
-- Installing: /workspaces/Prius2audioscene/install/cae_microphone_array/local/lib/python3.10/dist-packages/cae_microphone_array
-- Installing: /workspaces/Prius2audioscene/install/cae_microphone_array/local/lib/python3.10/dist-packages/cae_microphone_array/_cae_microphone_array_s.ep.rosidl_typesupport_fastrtps_c.c
-- Installing: /workspaces/Prius2audioscene/install/cae_microphone_array/local/lib/python3.10/dist-packages/cae_microphone_array/__init__.py
-- Installing: /workspaces/Prius2audioscene/install/cae_microphone_array/local/lib/python3.10/dist-packages/cae_microphone_array/_cae_microphone_array_s.ep.rosidl_typesupport_introspection_c.c
-- Installing: /workspaces/Prius2audioscene/install/cae_microphone_array/local/lib/python3.10/dist-packages/cae_microphone_array/msg
-- Installing: /workspaces/Prius2audioscene/install/cae_microphone_array/local/lib/python3.10/dist-packages/cae_microphone_array/msg/__init__.py
-- Installing: /workspaces/Prius2audioscene/install/cae_microphone_array/local/lib/python3.10/dist-packages/cae_microphone_array/msg/_audio_stream.py
-- Installing: /workspaces/Prius2audioscene/install/cae_microphone_array/local/lib/python3.10/dist-packages/cae_microphone_array/msg/_audio_stream_s.c
-- Installing: /workspaces/Prius2audioscene/install/cae_microphone_array/local/lib/python3.10/dist-packages/cae_microphone_array/cae_microphone_array_s__rosidl_typesupport_introspection_c.cpython-310-x86_64-linux-gnu.so
-- Installing: /workspaces/Prius2audioscene/install/cae_microphone_array/local/lib/python3.10/dist-packages/cae_microphone_array/cae_microphone_array_s__rosidl_typesupport_fastrtps_c.cpython-310-x86_64-linux-gnu.so
-- Installing: /workspaces/Prius2audioscene/install/cae_microphone_array/local/lib/python3.10/dist-packages/cae_microphone_array/_cae_microphone_array_s.ep.rosidl_typesupport_c.c
-- Installing: /workspaces/Prius2audioscene/install/cae_microphone_array/local/lib/python3.10/dist-packages/cae_microphone_array/cae_microphone_array_s__rosidl_typesupport_c.cpython-310-x86_64-linux-gnu.so
-- Installing: /workspaces/Prius2audioscene/install/cae_microphone_array/local/lib/python3.10/dist-packages/cae_microphone_array/libcae_microphone_array__rosidl_generator_py.so
Listing '/workspaces/Prius2audioscene/install/cae_microphone_array/local/lib/python3.10/dist-packages/cae_microphone_array'...
Compiling '/workspaces/Prius2audioscene/install/cae_microphone_array/local/lib/python3.10/dist-packages/cae_microphone_array/__init__.py'...
Listing '/workspaces/Prius2audioscene/install/cae_microphone_array/local/lib/python3.10/dist-packages/cae_microphone_array/msg'...
Compiling '/workspaces/Prius2audioscene/install/cae_microphone_array/local/lib/python3.10/dist-packages/cae_microphone_array/msg/__init__.py'...
Compiling '/workspaces/Prius2audioscene/install/cae_microphone_array/local/lib/python3.10/dist-packages/cae_microphone_array/msg/_audio_stream.py'...
-- Installing: /workspaces/Prius2audioscene/install/cae_microphone_array/local/lib/python3.10/dist-packages/cae_microphone_array/cae_microphone_array_s__rosidl_typesupport_fastrtps_c.cpython-310-x86_64-linux-gnu.so
-- Set runtime path of "/workspaces/Prius2audioscene/install/cae_microphone_array/local/lib/python3.10/dist-packages/cae_microphone_array/cae_microphone_array_s__rosidl_typesupport_fastrtps_c.cpython-310-x86_64-linux-gnu.so" to ""
-- Installing: /workspaces/Prius2audioscene/install/cae_microphone_array/local/lib/python3.10/dist-packages/cae_microphone_array/cae_microphone_array_s__rosidl_typesupport_introspection_c.cpython-310-x86_64-linux-gnu.so
-- Set runtime path of "/workspaces/Prius2audioscene/install/cae_microphone_array/local/lib/python3.10/dist-packages/cae_microphone_array/cae_microphone_array_s__rosidl_typesupport_introspection_c.cpython-310-x86_64-linux-gnu.so" to ""
-- Installing: /workspaces/Prius2audioscene/install/cae_microphone_array/local/lib/python3.10/dist-packages/cae_microphone_array/cae_microphone_array_s__rosidl_typesupport_c.cpython-310-x86_64-linux-gnu.so
-- Set runtime path of "/workspaces/Prius2audioscene/install/cae_microphone_array/local/lib/python3.10/dist-packages/cae_microphone_array/cae_microphone_array_s__rosidl_typesupport_c.cpython-310-x86_64-linux-gnu.so" to ""
-- Installing: /workspaces/Prius2audioscene/install/cae_microphone_array/lib/libcae_microphone_array__rosidl_generator_py.so
-- Set runtime path of "/workspaces/Prius2audioscene/install/cae_microphone_array/lib/libcae_microphone_array__rosidl_generator_py.so" to ""
-- Installing: /workspaces/Prius2audioscene/install/cae_microphone_array/share/ament_index/resource_index/rust_packages/cae_microphone_array
-- Installing: /workspaces/Prius2audioscene/install/cae_microphone_array/share/cae_microphone_array/rust
-- Installing: /workspaces/Prius2audioscene/install/cae_microphone_array/share/cae_microphone_array/rust/src
-- Installing: /workspaces/Prius2audioscene/install/cae_microphone_array/share/cae_microphone_array/rust/src/lib.rs
-- Installing: /workspaces/Prius2audioscene/install/cae_microphone_array/share/cae_microphone_array/rust/src/msg
-- Installing: /workspaces/Prius2audioscene/install/cae_microphone_array/share/cae_microphone_array/rust/src/msg/rmw.rs
-- Installing: /workspaces/Prius2audioscene/install/cae_microphone_array/share/cae_microphone_array/rust/src/msg.rs
-- Installing: /workspaces/Prius2audioscene/install/cae_microphone_array/share/cae_microphone_array/rust/build.rs
-- Installing: /workspaces/Prius2audioscene/install/cae_microphone_array/share/cae_microphone_array/rust/Cargo.toml
-- Installing: /workspaces/Prius2audioscene/install/cae_microphone_array/share/cae_microphone_array/msg/AudioStream.idl
-- Installing: /workspaces/Prius2audioscene/install/cae_microphone_array/share/cae_microphone_array/msg/AudioStream.msg
-- Installing: /workspaces/Prius2audioscene/install/cae_microphone_array/share/ament_index/resource_index/package_run_dependencies/cae_microphone_array
-- Installing: /workspaces/Prius2audioscene/install/cae_microphone_array/share/ament_index/resource_index/parent_prefix_path/cae_microphone_array
-- Installing: /workspaces/Prius2audioscene/install/cae_microphone_array/share/cae_microphone_array/environment/ament_prefix_path.sh
-- Installing: /workspaces/Prius2audioscene/install/cae_microphone_array/share/cae_microphone_array/environment/ament_prefix_path.dsv
-- Installing: /workspaces/Prius2audioscene/install/cae_microphone_array/share/cae_microphone_array/environment/path.sh
-- Installing: /workspaces/Prius2audioscene/install/cae_microphone_array/share/cae_microphone_array/environment/path.dsv
-- Installing: /workspaces/Prius2audioscene/install/cae_microphone_array/share/cae_microphone_array/local_setup.bash
-- Installing: /workspaces/Prius2audioscene/install/cae_microphone_array/share/cae_microphone_array/local_setup.sh
-- Installing: /workspaces/Prius2audioscene/install/cae_microphone_array/share/cae_microphone_array/local_setup.zsh
-- Installing: /workspaces/Prius2audioscene/install/cae_microphone_array/share/cae_microphone_array/local_setup.dsv
-- Installing: /workspaces/Prius2audioscene/install/cae_microphone_array/share/cae_microphone_array/package.dsv
-- Installing: /workspaces/Prius2audioscene/install/cae_microphone_array/share/ament_index/resource_index/packages/cae_microphone_array
-- Installing: /workspaces/Prius2audioscene/install/cae_microphone_array/share/cae_microphone_array/cmake/export_cae_microphone_array__rosidl_generator_cExport.cmake
-- Installing: /workspaces/Prius2audioscene/install/cae_microphone_array/share/cae_microphone_array/cmake/export_cae_microphone_array__rosidl_generator_cExport-noconfig.cmake
-- Installing: /workspaces/Prius2audioscene/install/cae_microphone_array/share/cae_microphone_array/cmake/export_cae_microphone_array__rosidl_typesupport_fastrtps_cExport.cmake
-- Installing: /workspaces/Prius2audioscene/install/cae_microphone_array/share/cae_microphone_array/cmake/export_cae_microphone_array__rosidl_typesupport_fastrtps_cExport-noconfig.cmake
-- Installing: /workspaces/Prius2audioscene/install/cae_microphone_array/share/cae_microphone_array/cmake/cae_microphone_array__rosidl_typesupport_introspection_cExport.cmake
-- Installing: /workspaces/Prius2audioscene/install/cae_microphone_array/share/cae_microphone_array/cmake/cae_microphone_array__rosidl_typesupport_introspection_cExport-noconfig.cmake
-- Installing: /workspaces/Prius2audioscene/install/cae_microphone_array/share/cae_microphone_array/cmake/cae_microphone_array__rosidl_typesupport_cExport.cmake
-- Installing: /workspaces/Prius2audioscene/install/cae_microphone_array/share/cae_microphone_array/cmake/cae_microphone_array__rosidl_typesupport_cExport-noconfig.cmake
-- Installing: /workspaces/Prius2audioscene/install/cae_microphone_array/share/cae_microphone_array/cmake/export_cae_microphone_array__rosidl_generator_cppExport.cmake
-- Installing: /workspaces/Prius2audioscene/install/cae_microphone_array/share/cae_microphone_array/cmake/export_cae_microphone_array__rosidl_typesupport_fastrtps_cppExport.cmake
-- Installing: /workspaces/Prius2audioscene/install/cae_microphone_array/share/cae_microphone_array/cmake/export_cae_microphone_array__rosidl_typesupport_fastrtps_cppExport-noconfig.cmake
-- Installing: /workspaces/Prius2audioscene/install/cae_microphone_array/share/cae_microphone_array/cmake/cae_microphone_array__rosidl_typesupport_introspection_cppExport.cmake
-- Installing: /workspaces/Prius2audioscene/install/cae_microphone_array/share/cae_microphone_array/cmake/cae_microphone_array__rosidl_typesupport_introspection_cppExport-noconfig.cmake
-- Installing: /workspaces/Prius2audioscene/install/cae_microphone_array/share/cae_microphone_array/cmake/cae_microphone_array__rosidl_typesupport_cppExport.cmake
-- Installing: /workspaces/Prius2audioscene/install/cae_microphone_array/share/cae_microphone_array/cmake/cae_microphone_array__rosidl_typesupport_cppExport-noconfig.cmake
-- Installing: /workspaces/Prius2audioscene/install/cae_microphone_array/share/cae_microphone_array/cmake/export_cae_microphone_array__rosidl_generator_pyExport.cmake
-- Installing: /workspaces/Prius2audioscene/install/cae_microphone_array/share/cae_microphone_array/cmake/export_cae_microphone_array__rosidl_generator_pyExport-noconfig.cmake
-- Installing: /workspaces/Prius2audioscene/install/cae_microphone_array/share/cae_microphone_array/cmake/rosidl_cmake-extras.cmake
-- Installing: /workspaces/Prius2audioscene/install/cae_microphone_array/share/cae_microphone_array/cmake/ament_cmake_export_dependencies-extras.cmake
-- Installing: /workspaces/Prius2audioscene/install/cae_microphone_array/share/cae_microphone_array/cmake/ament_cmake_export_include_directories-extras.cmake
-- Installing: /workspaces/Prius2audioscene/install/cae_microphone_array/share/cae_microphone_array/cmake/ament_cmake_export_libraries-extras.cmake
-- Installing: /workspaces/Prius2audioscene/install/cae_microphone_array/share/cae_microphone_array/cmake/ament_cmake_export_targets-extras.cmake
-- Installing: /workspaces/Prius2audioscene/install/cae_microphone_array/share/cae_microphone_array/cmake/rosidl_cmake_export_typesupport_targets-extras.cmake
-- Installing: /workspaces/Prius2audioscene/install/cae_microphone_array/share/cae_microphone_array/cmake/rosidl_cmake_export_typesupport_libraries-extras.cmake
-- Installing: /workspaces/Prius2audioscene/install/cae_microphone_array/share/cae_microphone_array/cmake/cae_microphone_arrayConfig.cmake
-- Installing: /workspaces/Prius2audioscene/install/cae_microphone_array/share/cae_microphone_array/cmake/cae_microphone_arrayConfig-version.cmake
-- Installing: /workspaces/Prius2audioscene/install/cae_microphone_array/share/cae_microphone_array/package.xml
