[0.007s] Invoking command in '/workspaces/Prius2audioscene/build/cae_microphone_array': /usr/bin/cmake /workspaces/Prius2audioscene/src/cae_microphone_array -DCATKIN_INSTALL_INTO_PREFIX_ROOT=0 -DCMAKE_INSTALL_PREFIX=/workspaces/Prius2audioscene/install/cae_microphone_array
[0.060s] -- The C compiler identification is GNU 11.4.0
[0.121s] -- The CXX compiler identification is GNU 11.4.0
[0.131s] -- Detecting C compiler ABI info
[0.234s] -- Detecting C compiler ABI info - done
[0.251s] -- Check for working C compiler: /usr/bin/cc - skipped
[0.252s] -- Detecting C compile features
[0.252s] -- Detecting C compile features - done
[0.256s] -- Detecting CXX compiler ABI info
[0.364s] -- Detecting CXX compiler ABI info - done
[0.371s] -- Check for working CXX compiler: /usr/bin/c++ - skipped
[0.371s] -- Detecting CXX compile features
[0.371s] -- Detecting CXX compile features - done
[0.373s] -- Found ament_cmake: 1.3.14 (/opt/ros/humble/share/ament_cmake/cmake)
[0.506s] -- Found Python3: /usr/bin/python3 (found version "3.10.12") found components: Interpreter 
[0.576s] -- Found rosidl_default_generators: 1.2.1 (/opt/ros/humble/share/rosidl_default_generators/cmake)
[0.580s] -- Using all available rosidl_typesupport_c: rosidl_typesupport_fastrtps_c;rosidl_typesupport_introspection_c
[0.587s] -- Found rosidl_adapter: 3.1.8 (/opt/ros/humble/share/rosidl_adapter/cmake)
[0.625s] -- Using all available rosidl_typesupport_cpp: rosidl_typesupport_fastrtps_cpp;rosidl_typesupport_introspection_cpp
[0.649s] -- Found std_msgs: 4.9.1 (/opt/ros/humble/share/std_msgs/cmake)
[0.885s] -- Found ament_cmake_ros: 0.10.0 (/opt/ros/humble/share/ament_cmake_ros/cmake)
[1.089s] -- Using all available rosidl_typesupport_c: rosidl_typesupport_fastrtps_c;rosidl_typesupport_introspection_c
[1.332s] -- Using all available rosidl_typesupport_cpp: rosidl_typesupport_fastrtps_cpp;rosidl_typesupport_introspection_cpp
[1.348s] -- Found PythonInterp: /usr/bin/python3 (found suitable version "3.10.12", minimum required is "3.6") 
[1.349s] -- Found python_cmake_module: 0.10.0 (/opt/ros/humble/share/python_cmake_module/cmake)
[1.367s] -- Found PythonLibs: /usr/lib/x86_64-linux-gnu/libpython3.10.so (found suitable version "3.10.12", minimum required is "3.5") 
[1.367s] -- Using PYTHON_EXECUTABLE: /usr/bin/python3
[1.367s] -- Using PYTHON_INCLUDE_DIRS: /usr/include/python3.10
[1.367s] -- Using PYTHON_LIBRARIES: /usr/lib/x86_64-linux-gnu/libpython3.10.so
[1.382s] -- Found PythonExtra: .so  
[1.505s] -- Configuring done
[1.534s] -- Generating done
[1.535s] [33mCMake Warning:
[1.535s]   Manually-specified variables were not used by the project:
[1.535s] 
[1.535s]     CATKIN_INSTALL_INTO_PREFIX_ROOT
[1.535s] 
[1.535s] [0m
[1.541s] -- Build files have been written to: /workspaces/Prius2audioscene/build/cae_microphone_array
[1.545s] Invoked command in '/workspaces/Prius2audioscene/build/cae_microphone_array' returned '0': /usr/bin/cmake /workspaces/Prius2audioscene/src/cae_microphone_array -DCATKIN_INSTALL_INTO_PREFIX_ROOT=0 -DCMAKE_INSTALL_PREFIX=/workspaces/Prius2audioscene/install/cae_microphone_array
[1.547s] Invoking command in '/workspaces/Prius2audioscene/build/cae_microphone_array': /usr/bin/cmake --build /workspaces/Prius2audioscene/build/cae_microphone_array -- -j20 -l20
[1.593s] [  3%] [34m[1mGenerating C code for ROS interfaces[0m
[1.606s] [  6%] [34m[1mGenerating Rust code for ROS interfaces[0m
[1.606s] [  9%] [34m[1mGenerating C++ code for ROS interfaces[0m
[1.611s] [  9%] Built target ament_cmake_python_copy_cae_microphone_array
[1.750s] running egg_info
[1.750s] creating cae_microphone_array.egg-info
[1.750s] writing cae_microphone_array.egg-info/PKG-INFO
[1.751s] writing dependency_links to cae_microphone_array.egg-info/dependency_links.txt
[1.751s] writing top-level names to cae_microphone_array.egg-info/top_level.txt
[1.751s] writing manifest file 'cae_microphone_array.egg-info/SOURCES.txt'
[1.752s] reading manifest file 'cae_microphone_array.egg-info/SOURCES.txt'
[1.752s] writing manifest file 'cae_microphone_array.egg-info/SOURCES.txt'
[1.773s] [  9%] Built target ament_cmake_python_build_cae_microphone_array_egg
[1.795s] [  9%] Built target cae_microphone_array__rs
[1.801s] [  9%] Built target cae_microphone_array__cpp
[1.808s] [ 12%] [32mBuilding C object CMakeFiles/cae_microphone_array__rosidl_generator_c.dir/rosidl_generator_c/cae_microphone_array/msg/detail/audio_stream__functions.c.o[0m
[1.809s] [ 15%] [34m[1mGenerating C++ type support for eProsima Fast-RTPS[0m
[1.809s] [ 18%] [34m[1mGenerating C++ introspection for ROS interfaces[0m
[1.810s] [ 21%] [34m[1mGenerating C++ type support dispatch for ROS interfaces[0m
[1.859s] [ 25%] [32m[1mLinking C shared library libcae_microphone_array__rosidl_generator_c.so[0m
[1.891s] [ 25%] Built target cae_microphone_array__rosidl_generator_c
[1.901s] [ 28%] [34m[1mGenerating C introspection for ROS interfaces[0m
[1.901s] [ 31%] [34m[1mGenerating C type support for eProsima Fast-RTPS[0m
[1.901s] [ 34%] [34m[1mGenerating C type support dispatch for ROS interfaces[0m
[1.995s] [ 37%] [32mBuilding CXX object CMakeFiles/cae_microphone_array__rosidl_typesupport_cpp.dir/rosidl_typesupport_cpp/cae_microphone_array/msg/audio_stream__type_support.cpp.o[0m
[2.008s] [ 40%] [32mBuilding CXX object CMakeFiles/cae_microphone_array__rosidl_typesupport_introspection_cpp.dir/rosidl_typesupport_introspection_cpp/cae_microphone_array/msg/detail/audio_stream__type_support.cpp.o[0m
[2.044s] [ 43%] [32mBuilding CXX object CMakeFiles/cae_microphone_array__rosidl_typesupport_fastrtps_cpp.dir/rosidl_typesupport_fastrtps_cpp/cae_microphone_array/msg/detail/dds_fastrtps/audio_stream__type_support.cpp.o[0m
[2.075s] [ 46%] [32mBuilding CXX object CMakeFiles/cae_microphone_array__rosidl_typesupport_c.dir/rosidl_typesupport_c/cae_microphone_array/msg/audio_stream__type_support.cpp.o[0m
[2.092s] [ 50%] [32mBuilding C object CMakeFiles/cae_microphone_array__rosidl_typesupport_introspection_c.dir/rosidl_typesupport_introspection_c/cae_microphone_array/msg/detail/audio_stream__type_support.c.o[0m
[2.101s] [ 53%] [32m[1mLinking CXX shared library libcae_microphone_array__rosidl_typesupport_c.so[0m
[2.129s] [ 56%] [32m[1mLinking C shared library libcae_microphone_array__rosidl_typesupport_introspection_c.so[0m
[2.144s] [ 56%] Built target cae_microphone_array__rosidl_typesupport_c
[2.159s] [ 56%] Built target cae_microphone_array__rosidl_typesupport_introspection_c
[2.171s] [ 59%] [32mBuilding CXX object CMakeFiles/cae_microphone_array__rosidl_typesupport_fastrtps_c.dir/rosidl_typesupport_fastrtps_c/cae_microphone_array/msg/detail/audio_stream__type_support_c.cpp.o[0m
[2.182s] [ 62%] [32m[1mLinking CXX shared library libcae_microphone_array__rosidl_typesupport_cpp.so[0m
[2.221s] [ 62%] Built target cae_microphone_array__rosidl_typesupport_cpp
[2.293s] [ 65%] [32m[1mLinking CXX shared library libcae_microphone_array__rosidl_typesupport_introspection_cpp.so[0m
[2.328s] [ 68%] [32m[1mLinking CXX shared library libcae_microphone_array__rosidl_typesupport_fastrtps_cpp.so[0m
[2.351s] [ 68%] Built target cae_microphone_array__rosidl_typesupport_introspection_cpp
[2.378s] [ 71%] [32m[1mLinking CXX shared library libcae_microphone_array__rosidl_typesupport_fastrtps_c.so[0m
[2.387s] [ 71%] Built target cae_microphone_array__rosidl_typesupport_fastrtps_cpp
[2.436s] [ 71%] Built target cae_microphone_array__rosidl_typesupport_fastrtps_c
[2.454s] [ 71%] Built target cae_microphone_array
[2.478s] [ 75%] [34m[1mGenerating Python code for ROS interfaces[0m
[2.724s] [ 75%] Built target cae_microphone_array__py
[2.741s] [ 78%] [32mBuilding C object CMakeFiles/cae_microphone_array__rosidl_generator_py.dir/rosidl_generator_py/cae_microphone_array/msg/_audio_stream_s.c.o[0m
[2.820s] [ 81%] [32m[1mLinking C shared library rosidl_generator_py/cae_microphone_array/libcae_microphone_array__rosidl_generator_py.so[0m
[2.864s] [ 81%] Built target cae_microphone_array__rosidl_generator_py
[2.889s] [ 87%] [32mBuilding C object CMakeFiles/cae_microphone_array__rosidl_typesupport_c__pyext.dir/rosidl_generator_py/cae_microphone_array/_cae_microphone_array_s.ep.rosidl_typesupport_c.c.o[0m
[2.890s] [ 87%] [32mBuilding C object CMakeFiles/cae_microphone_array__rosidl_typesupport_fastrtps_c__pyext.dir/rosidl_generator_py/cae_microphone_array/_cae_microphone_array_s.ep.rosidl_typesupport_fastrtps_c.c.o[0m
[2.890s] [ 90%] [32mBuilding C object CMakeFiles/cae_microphone_array__rosidl_typesupport_introspection_c__pyext.dir/rosidl_generator_py/cae_microphone_array/_cae_microphone_array_s.ep.rosidl_typesupport_introspection_c.c.o[0m
[2.964s] [ 93%] [32m[1mLinking C shared library rosidl_generator_py/cae_microphone_array/cae_microphone_array_s__rosidl_typesupport_c.cpython-310-x86_64-linux-gnu.so[0m
[2.964s] [ 96%] [32m[1mLinking C shared library rosidl_generator_py/cae_microphone_array/cae_microphone_array_s__rosidl_typesupport_fastrtps_c.cpython-310-x86_64-linux-gnu.so[0m
[2.965s] [100%] [32m[1mLinking C shared library rosidl_generator_py/cae_microphone_array/cae_microphone_array_s__rosidl_typesupport_introspection_c.cpython-310-x86_64-linux-gnu.so[0m
[2.995s] [100%] Built target cae_microphone_array__rosidl_typesupport_introspection_c__pyext
[2.995s] [100%] Built target cae_microphone_array__rosidl_typesupport_c__pyext
[2.996s] [100%] Built target cae_microphone_array__rosidl_typesupport_fastrtps_c__pyext
[3.004s] Invoked command in '/workspaces/Prius2audioscene/build/cae_microphone_array' returned '0': /usr/bin/cmake --build /workspaces/Prius2audioscene/build/cae_microphone_array -- -j20 -l20
[3.013s] Invoking command in '/workspaces/Prius2audioscene/build/cae_microphone_array': /usr/bin/cmake --install /workspaces/Prius2audioscene/build/cae_microphone_array
[3.023s] -- Install configuration: ""
[3.023s] -- Installing: /workspaces/Prius2audioscene/install/cae_microphone_array/share/ament_index/resource_index/rosidl_interfaces/cae_microphone_array
[3.023s] -- Installing: /workspaces/Prius2audioscene/install/cae_microphone_array/include/cae_microphone_array/cae_microphone_array
[3.024s] -- Installing: /workspaces/Prius2audioscene/install/cae_microphone_array/include/cae_microphone_array/cae_microphone_array/msg
[3.024s] -- Installing: /workspaces/Prius2audioscene/install/cae_microphone_array/include/cae_microphone_array/cae_microphone_array/msg/audio_stream.h
[3.024s] -- Installing: /workspaces/Prius2audioscene/install/cae_microphone_array/include/cae_microphone_array/cae_microphone_array/msg/detail
[3.024s] -- Installing: /workspaces/Prius2audioscene/install/cae_microphone_array/include/cae_microphone_array/cae_microphone_array/msg/detail/audio_stream__functions.c
[3.024s] -- Installing: /workspaces/Prius2audioscene/install/cae_microphone_array/include/cae_microphone_array/cae_microphone_array/msg/detail/audio_stream__type_support.h
[3.025s] -- Installing: /workspaces/Prius2audioscene/install/cae_microphone_array/include/cae_microphone_array/cae_microphone_array/msg/detail/audio_stream__functions.h
[3.025s] -- Installing: /workspaces/Prius2audioscene/install/cae_microphone_array/include/cae_microphone_array/cae_microphone_array/msg/detail/audio_stream__struct.h
[3.025s] -- Installing: /workspaces/Prius2audioscene/install/cae_microphone_array/include/cae_microphone_array/cae_microphone_array/msg/rosidl_generator_c__visibility_control.h
[3.025s] -- Installing: /workspaces/Prius2audioscene/install/cae_microphone_array/share/cae_microphone_array/environment/library_path.sh
[3.025s] -- Installing: /workspaces/Prius2audioscene/install/cae_microphone_array/share/cae_microphone_array/environment/library_path.dsv
[3.025s] -- Installing: /workspaces/Prius2audioscene/install/cae_microphone_array/lib/libcae_microphone_array__rosidl_generator_c.so
[3.026s] -- Set runtime path of "/workspaces/Prius2audioscene/install/cae_microphone_array/lib/libcae_microphone_array__rosidl_generator_c.so" to ""
[3.026s] -- Up-to-date: /workspaces/Prius2audioscene/install/cae_microphone_array/include/cae_microphone_array/cae_microphone_array
[3.026s] -- Up-to-date: /workspaces/Prius2audioscene/install/cae_microphone_array/include/cae_microphone_array/cae_microphone_array/msg
[3.026s] -- Up-to-date: /workspaces/Prius2audioscene/install/cae_microphone_array/include/cae_microphone_array/cae_microphone_array/msg/detail
[3.027s] -- Installing: /workspaces/Prius2audioscene/install/cae_microphone_array/include/cae_microphone_array/cae_microphone_array/msg/detail/audio_stream__rosidl_typesupport_fastrtps_c.h
[3.027s] -- Installing: /workspaces/Prius2audioscene/install/cae_microphone_array/include/cae_microphone_array/cae_microphone_array/msg/rosidl_typesupport_fastrtps_c__visibility_control.h
[3.027s] -- Installing: /workspaces/Prius2audioscene/install/cae_microphone_array/lib/libcae_microphone_array__rosidl_typesupport_fastrtps_c.so
[3.027s] -- Set runtime path of "/workspaces/Prius2audioscene/install/cae_microphone_array/lib/libcae_microphone_array__rosidl_typesupport_fastrtps_c.so" to ""
[3.028s] -- Up-to-date: /workspaces/Prius2audioscene/install/cae_microphone_array/include/cae_microphone_array/cae_microphone_array
[3.028s] -- Up-to-date: /workspaces/Prius2audioscene/install/cae_microphone_array/include/cae_microphone_array/cae_microphone_array/msg
[3.028s] -- Up-to-date: /workspaces/Prius2audioscene/install/cae_microphone_array/include/cae_microphone_array/cae_microphone_array/msg/detail
[3.029s] -- Installing: /workspaces/Prius2audioscene/install/cae_microphone_array/include/cae_microphone_array/cae_microphone_array/msg/detail/audio_stream__type_support.c
[3.029s] -- Installing: /workspaces/Prius2audioscene/install/cae_microphone_array/include/cae_microphone_array/cae_microphone_array/msg/detail/audio_stream__rosidl_typesupport_introspection_c.h
[3.029s] -- Installing: /workspaces/Prius2audioscene/install/cae_microphone_array/include/cae_microphone_array/cae_microphone_array/msg/rosidl_typesupport_introspection_c__visibility_control.h
[3.030s] -- Installing: /workspaces/Prius2audioscene/install/cae_microphone_array/lib/libcae_microphone_array__rosidl_typesupport_introspection_c.so
[3.030s] -- Set runtime path of "/workspaces/Prius2audioscene/install/cae_microphone_array/lib/libcae_microphone_array__rosidl_typesupport_introspection_c.so" to ""
[3.030s] -- Installing: /workspaces/Prius2audioscene/install/cae_microphone_array/lib/libcae_microphone_array__rosidl_typesupport_c.so
[3.031s] -- Set runtime path of "/workspaces/Prius2audioscene/install/cae_microphone_array/lib/libcae_microphone_array__rosidl_typesupport_c.so" to ""
[3.031s] -- Up-to-date: /workspaces/Prius2audioscene/install/cae_microphone_array/include/cae_microphone_array/cae_microphone_array
[3.031s] -- Up-to-date: /workspaces/Prius2audioscene/install/cae_microphone_array/include/cae_microphone_array/cae_microphone_array/msg
[3.031s] -- Installing: /workspaces/Prius2audioscene/install/cae_microphone_array/include/cae_microphone_array/cae_microphone_array/msg/audio_stream.hpp
[3.032s] -- Installing: /workspaces/Prius2audioscene/install/cae_microphone_array/include/cae_microphone_array/cae_microphone_array/msg/rosidl_generator_cpp__visibility_control.hpp
[3.032s] -- Up-to-date: /workspaces/Prius2audioscene/install/cae_microphone_array/include/cae_microphone_array/cae_microphone_array/msg/detail
[3.032s] -- Installing: /workspaces/Prius2audioscene/install/cae_microphone_array/include/cae_microphone_array/cae_microphone_array/msg/detail/audio_stream__traits.hpp
[3.032s] -- Installing: /workspaces/Prius2audioscene/install/cae_microphone_array/include/cae_microphone_array/cae_microphone_array/msg/detail/audio_stream__type_support.hpp
[3.032s] -- Installing: /workspaces/Prius2audioscene/install/cae_microphone_array/include/cae_microphone_array/cae_microphone_array/msg/detail/audio_stream__struct.hpp
[3.033s] -- Installing: /workspaces/Prius2audioscene/install/cae_microphone_array/include/cae_microphone_array/cae_microphone_array/msg/detail/audio_stream__builder.hpp
[3.033s] -- Up-to-date: /workspaces/Prius2audioscene/install/cae_microphone_array/include/cae_microphone_array/cae_microphone_array
[3.033s] -- Up-to-date: /workspaces/Prius2audioscene/install/cae_microphone_array/include/cae_microphone_array/cae_microphone_array/msg
[3.033s] -- Installing: /workspaces/Prius2audioscene/install/cae_microphone_array/include/cae_microphone_array/cae_microphone_array/msg/rosidl_typesupport_fastrtps_cpp__visibility_control.h
[3.034s] -- Up-to-date: /workspaces/Prius2audioscene/install/cae_microphone_array/include/cae_microphone_array/cae_microphone_array/msg/detail
[3.034s] -- Installing: /workspaces/Prius2audioscene/install/cae_microphone_array/include/cae_microphone_array/cae_microphone_array/msg/detail/dds_fastrtps
[3.034s] -- Installing: /workspaces/Prius2audioscene/install/cae_microphone_array/include/cae_microphone_array/cae_microphone_array/msg/detail/audio_stream__rosidl_typesupport_fastrtps_cpp.hpp
[3.034s] -- Installing: /workspaces/Prius2audioscene/install/cae_microphone_array/lib/libcae_microphone_array__rosidl_typesupport_fastrtps_cpp.so
[3.034s] -- Set runtime path of "/workspaces/Prius2audioscene/install/cae_microphone_array/lib/libcae_microphone_array__rosidl_typesupport_fastrtps_cpp.so" to ""
[3.035s] -- Up-to-date: /workspaces/Prius2audioscene/install/cae_microphone_array/include/cae_microphone_array/cae_microphone_array
[3.035s] -- Up-to-date: /workspaces/Prius2audioscene/install/cae_microphone_array/include/cae_microphone_array/cae_microphone_array/msg
[3.035s] -- Up-to-date: /workspaces/Prius2audioscene/install/cae_microphone_array/include/cae_microphone_array/cae_microphone_array/msg/detail
[3.035s] -- Installing: /workspaces/Prius2audioscene/install/cae_microphone_array/include/cae_microphone_array/cae_microphone_array/msg/detail/audio_stream__rosidl_typesupport_introspection_cpp.hpp
[3.035s] -- Installing: /workspaces/Prius2audioscene/install/cae_microphone_array/include/cae_microphone_array/cae_microphone_array/msg/detail/audio_stream__type_support.cpp
[3.036s] -- Installing: /workspaces/Prius2audioscene/install/cae_microphone_array/lib/libcae_microphone_array__rosidl_typesupport_introspection_cpp.so
[3.036s] -- Set runtime path of "/workspaces/Prius2audioscene/install/cae_microphone_array/lib/libcae_microphone_array__rosidl_typesupport_introspection_cpp.so" to ""
[3.036s] -- Installing: /workspaces/Prius2audioscene/install/cae_microphone_array/lib/libcae_microphone_array__rosidl_typesupport_cpp.so
[3.037s] -- Set runtime path of "/workspaces/Prius2audioscene/install/cae_microphone_array/lib/libcae_microphone_array__rosidl_typesupport_cpp.so" to ""
[3.037s] -- Installing: /workspaces/Prius2audioscene/install/cae_microphone_array/share/cae_microphone_array/environment/pythonpath.sh
[3.037s] -- Installing: /workspaces/Prius2audioscene/install/cae_microphone_array/share/cae_microphone_array/environment/pythonpath.dsv
[3.037s] -- Installing: /workspaces/Prius2audioscene/install/cae_microphone_array/local/lib/python3.10/dist-packages/cae_microphone_array-0.0.1-py3.10.egg-info
[3.037s] -- Installing: /workspaces/Prius2audioscene/install/cae_microphone_array/local/lib/python3.10/dist-packages/cae_microphone_array-0.0.1-py3.10.egg-info/PKG-INFO
[3.038s] -- Installing: /workspaces/Prius2audioscene/install/cae_microphone_array/local/lib/python3.10/dist-packages/cae_microphone_array-0.0.1-py3.10.egg-info/dependency_links.txt
[3.038s] -- Installing: /workspaces/Prius2audioscene/install/cae_microphone_array/local/lib/python3.10/dist-packages/cae_microphone_array-0.0.1-py3.10.egg-info/top_level.txt
[3.038s] -- Installing: /workspaces/Prius2audioscene/install/cae_microphone_array/local/lib/python3.10/dist-packages/cae_microphone_array-0.0.1-py3.10.egg-info/SOURCES.txt
[3.038s] -- Installing: /workspaces/Prius2audioscene/install/cae_microphone_array/local/lib/python3.10/dist-packages/cae_microphone_array
[3.038s] -- Installing: /workspaces/Prius2audioscene/install/cae_microphone_array/local/lib/python3.10/dist-packages/cae_microphone_array/_cae_microphone_array_s.ep.rosidl_typesupport_fastrtps_c.c
[3.038s] -- Installing: /workspaces/Prius2audioscene/install/cae_microphone_array/local/lib/python3.10/dist-packages/cae_microphone_array/__init__.py
[3.039s] -- Installing: /workspaces/Prius2audioscene/install/cae_microphone_array/local/lib/python3.10/dist-packages/cae_microphone_array/_cae_microphone_array_s.ep.rosidl_typesupport_introspection_c.c
[3.039s] -- Installing: /workspaces/Prius2audioscene/install/cae_microphone_array/local/lib/python3.10/dist-packages/cae_microphone_array/msg
[3.039s] -- Installing: /workspaces/Prius2audioscene/install/cae_microphone_array/local/lib/python3.10/dist-packages/cae_microphone_array/msg/__init__.py
[3.039s] -- Installing: /workspaces/Prius2audioscene/install/cae_microphone_array/local/lib/python3.10/dist-packages/cae_microphone_array/msg/_audio_stream.py
[3.039s] -- Installing: /workspaces/Prius2audioscene/install/cae_microphone_array/local/lib/python3.10/dist-packages/cae_microphone_array/msg/_audio_stream_s.c
[3.039s] -- Installing: /workspaces/Prius2audioscene/install/cae_microphone_array/local/lib/python3.10/dist-packages/cae_microphone_array/cae_microphone_array_s__rosidl_typesupport_introspection_c.cpython-310-x86_64-linux-gnu.so
[3.040s] -- Installing: /workspaces/Prius2audioscene/install/cae_microphone_array/local/lib/python3.10/dist-packages/cae_microphone_array/cae_microphone_array_s__rosidl_typesupport_fastrtps_c.cpython-310-x86_64-linux-gnu.so
[3.040s] -- Installing: /workspaces/Prius2audioscene/install/cae_microphone_array/local/lib/python3.10/dist-packages/cae_microphone_array/_cae_microphone_array_s.ep.rosidl_typesupport_c.c
[3.040s] -- Installing: /workspaces/Prius2audioscene/install/cae_microphone_array/local/lib/python3.10/dist-packages/cae_microphone_array/cae_microphone_array_s__rosidl_typesupport_c.cpython-310-x86_64-linux-gnu.so
[3.040s] -- Installing: /workspaces/Prius2audioscene/install/cae_microphone_array/local/lib/python3.10/dist-packages/cae_microphone_array/libcae_microphone_array__rosidl_generator_py.so
[3.072s] Listing '/workspaces/Prius2audioscene/install/cae_microphone_array/local/lib/python3.10/dist-packages/cae_microphone_array'...
[3.072s] Compiling '/workspaces/Prius2audioscene/install/cae_microphone_array/local/lib/python3.10/dist-packages/cae_microphone_array/__init__.py'...
[3.072s] Listing '/workspaces/Prius2audioscene/install/cae_microphone_array/local/lib/python3.10/dist-packages/cae_microphone_array/msg'...
[3.072s] Compiling '/workspaces/Prius2audioscene/install/cae_microphone_array/local/lib/python3.10/dist-packages/cae_microphone_array/msg/__init__.py'...
[3.072s] Compiling '/workspaces/Prius2audioscene/install/cae_microphone_array/local/lib/python3.10/dist-packages/cae_microphone_array/msg/_audio_stream.py'...
[3.075s] -- Installing: /workspaces/Prius2audioscene/install/cae_microphone_array/local/lib/python3.10/dist-packages/cae_microphone_array/cae_microphone_array_s__rosidl_typesupport_fastrtps_c.cpython-310-x86_64-linux-gnu.so
[3.075s] -- Set runtime path of "/workspaces/Prius2audioscene/install/cae_microphone_array/local/lib/python3.10/dist-packages/cae_microphone_array/cae_microphone_array_s__rosidl_typesupport_fastrtps_c.cpython-310-x86_64-linux-gnu.so" to ""
[3.076s] -- Installing: /workspaces/Prius2audioscene/install/cae_microphone_array/local/lib/python3.10/dist-packages/cae_microphone_array/cae_microphone_array_s__rosidl_typesupport_introspection_c.cpython-310-x86_64-linux-gnu.so
[3.076s] -- Set runtime path of "/workspaces/Prius2audioscene/install/cae_microphone_array/local/lib/python3.10/dist-packages/cae_microphone_array/cae_microphone_array_s__rosidl_typesupport_introspection_c.cpython-310-x86_64-linux-gnu.so" to ""
[3.076s] -- Installing: /workspaces/Prius2audioscene/install/cae_microphone_array/local/lib/python3.10/dist-packages/cae_microphone_array/cae_microphone_array_s__rosidl_typesupport_c.cpython-310-x86_64-linux-gnu.so
[3.076s] -- Set runtime path of "/workspaces/Prius2audioscene/install/cae_microphone_array/local/lib/python3.10/dist-packages/cae_microphone_array/cae_microphone_array_s__rosidl_typesupport_c.cpython-310-x86_64-linux-gnu.so" to ""
[3.076s] -- Installing: /workspaces/Prius2audioscene/install/cae_microphone_array/lib/libcae_microphone_array__rosidl_generator_py.so
[3.076s] -- Set runtime path of "/workspaces/Prius2audioscene/install/cae_microphone_array/lib/libcae_microphone_array__rosidl_generator_py.so" to ""
[3.076s] -- Installing: /workspaces/Prius2audioscene/install/cae_microphone_array/share/ament_index/resource_index/rust_packages/cae_microphone_array
[3.076s] -- Installing: /workspaces/Prius2audioscene/install/cae_microphone_array/share/cae_microphone_array/rust
[3.076s] -- Installing: /workspaces/Prius2audioscene/install/cae_microphone_array/share/cae_microphone_array/rust/src
[3.076s] -- Installing: /workspaces/Prius2audioscene/install/cae_microphone_array/share/cae_microphone_array/rust/src/lib.rs
[3.077s] -- Installing: /workspaces/Prius2audioscene/install/cae_microphone_array/share/cae_microphone_array/rust/src/msg
[3.077s] -- Installing: /workspaces/Prius2audioscene/install/cae_microphone_array/share/cae_microphone_array/rust/src/msg/rmw.rs
[3.077s] -- Installing: /workspaces/Prius2audioscene/install/cae_microphone_array/share/cae_microphone_array/rust/src/msg.rs
[3.077s] -- Installing: /workspaces/Prius2audioscene/install/cae_microphone_array/share/cae_microphone_array/rust/build.rs
[3.077s] -- Installing: /workspaces/Prius2audioscene/install/cae_microphone_array/share/cae_microphone_array/rust/Cargo.toml
[3.077s] -- Installing: /workspaces/Prius2audioscene/install/cae_microphone_array/share/cae_microphone_array/msg/AudioStream.idl
[3.077s] -- Installing: /workspaces/Prius2audioscene/install/cae_microphone_array/share/cae_microphone_array/msg/AudioStream.msg
[3.077s] -- Installing: /workspaces/Prius2audioscene/install/cae_microphone_array/share/ament_index/resource_index/package_run_dependencies/cae_microphone_array
[3.077s] -- Installing: /workspaces/Prius2audioscene/install/cae_microphone_array/share/ament_index/resource_index/parent_prefix_path/cae_microphone_array
[3.077s] -- Installing: /workspaces/Prius2audioscene/install/cae_microphone_array/share/cae_microphone_array/environment/ament_prefix_path.sh
[3.077s] -- Installing: /workspaces/Prius2audioscene/install/cae_microphone_array/share/cae_microphone_array/environment/ament_prefix_path.dsv
[3.078s] -- Installing: /workspaces/Prius2audioscene/install/cae_microphone_array/share/cae_microphone_array/environment/path.sh
[3.078s] -- Installing: /workspaces/Prius2audioscene/install/cae_microphone_array/share/cae_microphone_array/environment/path.dsv
[3.078s] -- Installing: /workspaces/Prius2audioscene/install/cae_microphone_array/share/cae_microphone_array/local_setup.bash
[3.078s] -- Installing: /workspaces/Prius2audioscene/install/cae_microphone_array/share/cae_microphone_array/local_setup.sh
[3.078s] -- Installing: /workspaces/Prius2audioscene/install/cae_microphone_array/share/cae_microphone_array/local_setup.zsh
[3.078s] -- Installing: /workspaces/Prius2audioscene/install/cae_microphone_array/share/cae_microphone_array/local_setup.dsv
[3.078s] -- Installing: /workspaces/Prius2audioscene/install/cae_microphone_array/share/cae_microphone_array/package.dsv
[3.078s] -- Installing: /workspaces/Prius2audioscene/install/cae_microphone_array/share/ament_index/resource_index/packages/cae_microphone_array
[3.078s] -- Installing: /workspaces/Prius2audioscene/install/cae_microphone_array/share/cae_microphone_array/cmake/export_cae_microphone_array__rosidl_generator_cExport.cmake
[3.078s] -- Installing: /workspaces/Prius2audioscene/install/cae_microphone_array/share/cae_microphone_array/cmake/export_cae_microphone_array__rosidl_generator_cExport-noconfig.cmake
[3.079s] -- Installing: /workspaces/Prius2audioscene/install/cae_microphone_array/share/cae_microphone_array/cmake/export_cae_microphone_array__rosidl_typesupport_fastrtps_cExport.cmake
[3.079s] -- Installing: /workspaces/Prius2audioscene/install/cae_microphone_array/share/cae_microphone_array/cmake/export_cae_microphone_array__rosidl_typesupport_fastrtps_cExport-noconfig.cmake
[3.079s] -- Installing: /workspaces/Prius2audioscene/install/cae_microphone_array/share/cae_microphone_array/cmake/cae_microphone_array__rosidl_typesupport_introspection_cExport.cmake
[3.079s] -- Installing: /workspaces/Prius2audioscene/install/cae_microphone_array/share/cae_microphone_array/cmake/cae_microphone_array__rosidl_typesupport_introspection_cExport-noconfig.cmake
[3.079s] -- Installing: /workspaces/Prius2audioscene/install/cae_microphone_array/share/cae_microphone_array/cmake/cae_microphone_array__rosidl_typesupport_cExport.cmake
[3.079s] -- Installing: /workspaces/Prius2audioscene/install/cae_microphone_array/share/cae_microphone_array/cmake/cae_microphone_array__rosidl_typesupport_cExport-noconfig.cmake
[3.079s] -- Installing: /workspaces/Prius2audioscene/install/cae_microphone_array/share/cae_microphone_array/cmake/export_cae_microphone_array__rosidl_generator_cppExport.cmake
[3.079s] -- Installing: /workspaces/Prius2audioscene/install/cae_microphone_array/share/cae_microphone_array/cmake/export_cae_microphone_array__rosidl_typesupport_fastrtps_cppExport.cmake
[3.079s] -- Installing: /workspaces/Prius2audioscene/install/cae_microphone_array/share/cae_microphone_array/cmake/export_cae_microphone_array__rosidl_typesupport_fastrtps_cppExport-noconfig.cmake
[3.079s] -- Installing: /workspaces/Prius2audioscene/install/cae_microphone_array/share/cae_microphone_array/cmake/cae_microphone_array__rosidl_typesupport_introspection_cppExport.cmake
[3.079s] -- Installing: /workspaces/Prius2audioscene/install/cae_microphone_array/share/cae_microphone_array/cmake/cae_microphone_array__rosidl_typesupport_introspection_cppExport-noconfig.cmake
[3.079s] -- Installing: /workspaces/Prius2audioscene/install/cae_microphone_array/share/cae_microphone_array/cmake/cae_microphone_array__rosidl_typesupport_cppExport.cmake
[3.079s] -- Installing: /workspaces/Prius2audioscene/install/cae_microphone_array/share/cae_microphone_array/cmake/cae_microphone_array__rosidl_typesupport_cppExport-noconfig.cmake
[3.079s] -- Installing: /workspaces/Prius2audioscene/install/cae_microphone_array/share/cae_microphone_array/cmake/export_cae_microphone_array__rosidl_generator_pyExport.cmake
[3.080s] -- Installing: /workspaces/Prius2audioscene/install/cae_microphone_array/share/cae_microphone_array/cmake/export_cae_microphone_array__rosidl_generator_pyExport-noconfig.cmake
[3.080s] -- Installing: /workspaces/Prius2audioscene/install/cae_microphone_array/share/cae_microphone_array/cmake/rosidl_cmake-extras.cmake
[3.080s] -- Installing: /workspaces/Prius2audioscene/install/cae_microphone_array/share/cae_microphone_array/cmake/ament_cmake_export_dependencies-extras.cmake
[3.080s] -- Installing: /workspaces/Prius2audioscene/install/cae_microphone_array/share/cae_microphone_array/cmake/ament_cmake_export_include_directories-extras.cmake
[3.080s] -- Installing: /workspaces/Prius2audioscene/install/cae_microphone_array/share/cae_microphone_array/cmake/ament_cmake_export_libraries-extras.cmake
[3.080s] -- Installing: /workspaces/Prius2audioscene/install/cae_microphone_array/share/cae_microphone_array/cmake/ament_cmake_export_targets-extras.cmake
[3.080s] -- Installing: /workspaces/Prius2audioscene/install/cae_microphone_array/share/cae_microphone_array/cmake/rosidl_cmake_export_typesupport_targets-extras.cmake
[3.080s] -- Installing: /workspaces/Prius2audioscene/install/cae_microphone_array/share/cae_microphone_array/cmake/rosidl_cmake_export_typesupport_libraries-extras.cmake
[3.081s] -- Installing: /workspaces/Prius2audioscene/install/cae_microphone_array/share/cae_microphone_array/cmake/cae_microphone_arrayConfig.cmake
[3.081s] -- Installing: /workspaces/Prius2audioscene/install/cae_microphone_array/share/cae_microphone_array/cmake/cae_microphone_arrayConfig-version.cmake
[3.081s] -- Installing: /workspaces/Prius2audioscene/install/cae_microphone_array/share/cae_microphone_array/package.xml
[3.081s] Invoked command in '/workspaces/Prius2audioscene/build/cae_microphone_array' returned '0': /usr/bin/cmake --install /workspaces/Prius2audioscene/build/cae_microphone_array
